<?xml version="1.0" encoding="UTF-8"?>
<!-- Generated by org.testng.reporters.JUnitXMLReporter -->
<testsuite ignored="0" hostname="Amar" failures="0" tests="7" name="Test" time="485.814" errors="0" timestamp="2024-05-11T00:28:19 IST">
  <testcase classname="TestNG._1_Login_Logout" name="login_Logout" time="13.212"/>
  <testcase classname="TestNG.Login_CreateTypesOfWork_Logout_ActiTime" name="LoginCreateTypesOfWorkLogout" time="53.839"/>
  <testcase classname="TestNG.Login_DeleteTypesOfWork_Logout_ActiTime" name="Login_DeleteTypesOfWorkLogout" time="51.7"/>
  <testcase classname="TestNG.Login_CreateCustomer_Logout_ActiTime" name="LoginCreatCustomerLogout" time="44.466"/>
  <testcase classname="TestNG.Login_DeletCustomer_Logout_ActiTime" name="LoginDeletCustomerLogout" time="44.403"/>
  <testcase classname="TestNG.Login_CreatLeaveType_Logout_ActiTime" name="LoginCreatLeaveTypeLogout" time="54.523"/>
  <testcase classname="TestNG.Login_deleteLeaveType_Logout_ActiTime" name="LogindeleteLeaveTypeLogout" time="55.556"/>
</testsuite> <!-- Test -->
