<?xml version="1.0" encoding="UTF-8"?>
<testng-results ignored="0" total="1" passed="1" failed="0" skipped="0">
  <reporter-output>
  </reporter-output>
  <suite started-at="2024-05-11T11:00:45 IST" name="Default suite" finished-at="2024-05-11T11:01:40 IST" duration-ms="54504">
    <groups>
    </groups>
    <test started-at="2024-05-11T11:00:45 IST" name="Default test" finished-at="2024-05-11T11:01:40 IST" duration-ms="54504">
      <class name="TestNG._1_Login_Logout">
        <test-method is-config="true" signature="startMethod()[pri:0, instance:TestNG._1_Login_Logout@7b9a4292]" started-at="2024-05-11T11:00:45 IST" name="startMethod" finished-at="2024-05-11T11:01:05 IST" duration-ms="19479" status="PASS">
          <reporter-output>
          </reporter-output>
        </test-method> <!-- startMethod -->
        <test-method signature="login_Logout()[pri:0, instance:TestNG._1_Login_Logout@7b9a4292]" started-at="2024-05-11T11:01:05 IST" name="login_Logout" finished-at="2024-05-11T11:01:18 IST" duration-ms="13328" status="PASS">
          <reporter-output>
          </reporter-output>
        </test-method> <!-- login_Logout -->
        <test-method is-config="true" signature="endMethod()[pri:0, instance:TestNG._1_Login_Logout@7b9a4292]" started-at="2024-05-11T11:01:18 IST" name="endMethod" finished-at="2024-05-11T11:01:40 IST" duration-ms="21637" status="PASS">
          <reporter-output>
          </reporter-output>
        </test-method> <!-- endMethod -->
      </class> <!-- TestNG._1_Login_Logout -->
    </test> <!-- Default test -->
  </suite> <!-- Default suite -->
</testng-results>
